{
  "stats": {
    "suites": 1,
    "tests": 2,
    "passes": 2,
    "pending": 0,
    "failures": 0,
    "start": "2021-02-28T17:04:40.681Z",
    "end": "2021-02-28T17:04:44.401Z",
    "duration": 3720,
    "testsRegistered": 2,
    "passPercent": 100,
    "pendingPercent": 0,
    "other": 0,
    "hasOther": false,
    "skipped": 0,
    "hasSkipped": false
  },
  "results": [
    {
      "uuid": "d6ffa00e-86a3-4f88-a9cc-47532a028db2",
      "title": "",
      "fullFile": "cypress\\integration\\fileupload.ts",
      "file": "cypress\\integration\\fileupload.ts",
      "beforeHooks": [],
      "afterHooks": [],
      "tests": [],
      "suites": [
        {
          "uuid": "7b70b8b2-a06f-4d4b-88bb-27f5e23a7355",
          "title": "file upload test",
          "fullFile": "",
          "file": "",
          "beforeHooks": [],
          "afterHooks": [],
          "tests": [
            {
              "title": "upload file",
              "fullTitle": "file upload test upload file",
              "timedOut": null,
              "duration": 1267,
              "state": "passed",
              "speed": "slow",
              "pass": true,
              "fail": false,
              "pending": false,
              "context": null,
              "code": "cy.visit('https://filebin.net/');\ncy.get('[id=\"fileField\"]').attachFile('photo.png');",
              "err": {},
              "uuid": "2ff773f7-23cf-474e-a0d3-1778dc010b13",
              "parentUUID": "7b70b8b2-a06f-4d4b-88bb-27f5e23a7355",
              "isHook": false,
              "skipped": false
            },
            {
              "title": "downlaod file",
              "fullTitle": "file upload test downlaod file",
              "timedOut": null,
              "duration": 94,
              "state": "passed",
              "speed": "slow",
              "pass": true,
              "fail": false,
              "pending": false,
              "context": null,
              "code": "cy.downloadFile('https://upload.wikimedia.org/wikipedia/en/a/a9/Example.jpg', 'mydownloads', 'photo123.png');",
              "err": {},
              "uuid": "b55a267f-72c6-4f2b-8b45-5c3304f31d78",
              "parentUUID": "7b70b8b2-a06f-4d4b-88bb-27f5e23a7355",
              "isHook": false,
              "skipped": false
            }
          ],
          "suites": [],
          "passes": [
            "2ff773f7-23cf-474e-a0d3-1778dc010b13",
            "b55a267f-72c6-4f2b-8b45-5c3304f31d78"
          ],
          "failures": [],
          "pending": [],
          "skipped": [],
          "duration": 1361,
          "root": false,
          "rootEmpty": false,
          "_timeout": 2000
        }
      ],
      "passes": [],
      "failures": [],
      "pending": [],
      "skipped": [],
      "duration": 0,
      "root": true,
      "rootEmpty": true,
      "_timeout": 2000
    }
  ],
  "meta": {
    "mocha": {
      "version": "7.0.1"
    },
    "mochawesome": {
      "options": {
        "quiet": false,
        "reportFilename": "mochawesome",
        "saveHtml": false,
        "saveJson": true,
        "consoleReporter": "spec",
        "useInlineDiffs": false,
        "code": true
      },
      "version": "6.2.2"
    },
    "marge": {
      "options": {
        "reportDir": "cypress/results/json",
        "overwrite": false,
        "html": false,
        "json": true
      },
      "version": "5.2.0"
    }
  }
}