{
  "stats": {
    "suites": 0,
    "tests": 1,
    "passes": 1,
    "pending": 0,
    "failures": 0,
    "start": "2021-02-28T17:06:53.472Z",
    "end": "2021-02-28T17:07:00.316Z",
    "duration": 6844,
    "testsRegistered": 1,
    "passPercent": 100,
    "pendingPercent": 0,
    "other": 0,
    "hasOther": false,
    "skipped": 0,
    "hasSkipped": false
  },
  "results": [
    {
      "uuid": "735cc6ca-92a1-4977-996f-10f46b8f3b19",
      "title": "",
      "fullFile": "cypress\\integration\\basic.ts",
      "file": "cypress\\integration\\basic.ts",
      "beforeHooks": [],
      "afterHooks": [],
      "tests": [
        {
          "title": "google test",
          "fullTitle": "google test",
          "timedOut": null,
          "duration": 4628,
          "state": "passed",
          "speed": "slow",
          "pass": true,
          "fail": false,
          "pending": false,
          "context": null,
          "code": "cy.visit('https://google.com');\ncy.get('[name=\"q\"]')\n    .type('Raghav Pal')\n    .type('{enter}');",
          "err": {},
          "uuid": "19bb4393-7738-4ae4-944b-a33cfb97cbe2",
          "parentUUID": "735cc6ca-92a1-4977-996f-10f46b8f3b19",
          "isHook": false,
          "skipped": false
        }
      ],
      "suites": [],
      "passes": [
        "19bb4393-7738-4ae4-944b-a33cfb97cbe2"
      ],
      "failures": [],
      "pending": [],
      "skipped": [],
      "duration": 4628,
      "root": true,
      "rootEmpty": false,
      "_timeout": 2000
    }
  ],
  "meta": {
    "mocha": {
      "version": "7.0.1"
    },
    "mochawesome": {
      "options": {
        "quiet": false,
        "reportFilename": "mochawesome",
        "saveHtml": false,
        "saveJson": true,
        "consoleReporter": "spec",
        "useInlineDiffs": false,
        "code": true
      },
      "version": "6.2.2"
    },
    "marge": {
      "options": {
        "reportDir": "cypress/results/json",
        "overwrite": false,
        "html": false,
        "json": true
      },
      "version": "5.2.0"
    }
  }
}