{
  "stats": {
    "suites": 1,
    "tests": 2,
    "passes": 1,
    "pending": 0,
    "failures": 1,
    "start": "2021-03-01T10:25:49.856Z",
    "end": "2021-03-01T10:25:50.995Z",
    "duration": 1139,
    "testsRegistered": 2,
    "passPercent": 50,
    "pendingPercent": 0,
    "other": 0,
    "hasOther": false,
    "skipped": 0,
    "hasSkipped": false
  },
  "results": [
    {
      "uuid": "0ac96e84-28d4-4492-9e5b-2a9832db0a31",
      "title": "",
      "fullFile": "cypress\\integration\\fileupload.ts",
      "file": "cypress\\integration\\fileupload.ts",
      "beforeHooks": [],
      "afterHooks": [],
      "tests": [],
      "suites": [
        {
          "uuid": "2455c0bf-96bb-46bd-a5fa-b21f7b161a2e",
          "title": "file upload test",
          "fullFile": "",
          "file": "",
          "beforeHooks": [],
          "afterHooks": [],
          "tests": [
            {
              "title": "upload file",
              "fullTitle": "file upload test upload file",
              "timedOut": null,
              "duration": 989,
              "state": "failed",
              "speed": null,
              "pass": false,
              "fail": true,
              "pending": false,
              "context": "{\n  \"title\": \"Failed screenshot\",\n  \"value\": \"screenshots\\\\fileupload.ts\\\\file upload test -- upload file (failed).png\"\n}",
              "code": "cy.visit('https://filebin.net/');\ncy.get('[id=\"fileField\"]').attachFile('photo.png');",
              "err": {
                "message": "CypressError: `cy.visit()` failed trying to load:\n\nhttps://filebin.net/\n\nThe response we received from your web server was:\n\n  > 503: Service Unavailable\n\nThis was considered a failure because the status code was not `2xx`.\n\nIf you do not want status codes to cause failures pass the option: `failOnStatusCode: false`",
                "estack": "CypressError: `cy.visit()` failed trying to load:\n\nhttps://filebin.net/\n\nThe response we received from your web server was:\n\n  > 503: Service Unavailable\n\nThis was considered a failure because the status code was not `2xx`.\n\nIf you do not want status codes to cause failures pass the option: `failOnStatusCode: false`\n    at http://localhost:62183/__cypress/runner/cypress_runner.js:159060:25\n    at visitFailedByErr (http://localhost:62183/__cypress/runner/cypress_runner.js:158436:12)\n    at http://localhost:62183/__cypress/runner/cypress_runner.js:159040:13\n    at tryCatcher (http://localhost:62183/__cypress/runner/cypress_runner.js:10765:23)\n    at Promise._settlePromiseFromHandler (http://localhost:62183/__cypress/runner/cypress_runner.js:8700:31)\n    at Promise._settlePromise (http://localhost:62183/__cypress/runner/cypress_runner.js:8757:18)\n    at Promise._settlePromise0 (http://localhost:62183/__cypress/runner/cypress_runner.js:8802:10)\n    at Promise._settlePromises (http://localhost:62183/__cypress/runner/cypress_runner.js:8878:18)\n    at _drainQueueStep (http://localhost:62183/__cypress/runner/cypress_runner.js:5472:12)\n    at _drainQueue (http://localhost:62183/__cypress/runner/cypress_runner.js:5465:9)\n    at Async.../../node_modules/bluebird/js/release/async.js.Async._drainQueues (http://localhost:62183/__cypress/runner/cypress_runner.js:5481:5)\n    at Async.drainQueues (http://localhost:62183/__cypress/runner/cypress_runner.js:5351:14)\nFrom Your Spec Code:\n    at Context.eval (http://localhost:62183/__cypress/tests?p=cypress\\integration\\fileupload.ts:101:12)",
                "diff": null
              },
              "uuid": "cea04555-80f3-4972-bc95-b17f476ab281",
              "parentUUID": "2455c0bf-96bb-46bd-a5fa-b21f7b161a2e",
              "isHook": false,
              "skipped": false
            },
            {
              "title": "downlaod file",
              "fullTitle": "file upload test downlaod file",
              "timedOut": null,
              "duration": 88,
              "state": "passed",
              "speed": "slow",
              "pass": true,
              "fail": false,
              "pending": false,
              "context": null,
              "code": "cy.downloadFile('https://upload.wikimedia.org/wikipedia/en/a/a9/Example.jpg', 'mydownloads', 'photo123.png');",
              "err": {},
              "uuid": "062af9ce-6520-4f1e-bce9-c7e69d9b7afb",
              "parentUUID": "2455c0bf-96bb-46bd-a5fa-b21f7b161a2e",
              "isHook": false,
              "skipped": false
            }
          ],
          "suites": [],
          "passes": [
            "062af9ce-6520-4f1e-bce9-c7e69d9b7afb"
          ],
          "failures": [
            "cea04555-80f3-4972-bc95-b17f476ab281"
          ],
          "pending": [],
          "skipped": [],
          "duration": 1077,
          "root": false,
          "rootEmpty": false,
          "_timeout": 2000
        }
      ],
      "passes": [],
      "failures": [],
      "pending": [],
      "skipped": [],
      "duration": 0,
      "root": true,
      "rootEmpty": true,
      "_timeout": 2000
    }
  ],
  "meta": {
    "mocha": {
      "version": "7.0.1"
    },
    "mochawesome": {
      "options": {
        "quiet": false,
        "reportFilename": "mochawesome",
        "saveHtml": false,
        "saveJson": true,
        "consoleReporter": "spec",
        "useInlineDiffs": false,
        "code": true
      },
      "version": "6.2.2"
    },
    "marge": {
      "options": {
        "reportDir": "cypress/results/json",
        "overwrite": false,
        "html": false,
        "json": true
      },
      "version": "5.2.0"
    }
  }
}