{
  "stats": {
    "suites": 1,
    "tests": 2,
    "passes": 2,
    "pending": 0,
    "failures": 0,
    "start": "2021-02-28T17:07:08.152Z",
    "end": "2021-02-28T17:07:11.945Z",
    "duration": 3793,
    "testsRegistered": 2,
    "passPercent": 100,
    "pendingPercent": 0,
    "other": 0,
    "hasOther": false,
    "skipped": 0,
    "hasSkipped": false
  },
  "results": [
    {
      "uuid": "12046c1d-ca60-4c53-9ca5-e987804e11f9",
      "title": "",
      "fullFile": "cypress\\integration\\fileupload.ts",
      "file": "cypress\\integration\\fileupload.ts",
      "beforeHooks": [],
      "afterHooks": [],
      "tests": [],
      "suites": [
        {
          "uuid": "eca113d8-e0c7-4307-acbc-ccb05af174a0",
          "title": "file upload test",
          "fullFile": "",
          "file": "",
          "beforeHooks": [],
          "afterHooks": [],
          "tests": [
            {
              "title": "upload file",
              "fullTitle": "file upload test upload file",
              "timedOut": null,
              "duration": 1100,
              "state": "passed",
              "speed": "slow",
              "pass": true,
              "fail": false,
              "pending": false,
              "context": null,
              "code": "cy.visit('https://filebin.net/');\ncy.get('[id=\"fileField\"]').attachFile('photo.png');",
              "err": {},
              "uuid": "4cc0a05b-a6f3-49b0-a5d7-9b0bb765d539",
              "parentUUID": "eca113d8-e0c7-4307-acbc-ccb05af174a0",
              "isHook": false,
              "skipped": false
            },
            {
              "title": "downlaod file",
              "fullTitle": "file upload test downlaod file",
              "timedOut": null,
              "duration": 98,
              "state": "passed",
              "speed": "slow",
              "pass": true,
              "fail": false,
              "pending": false,
              "context": null,
              "code": "cy.downloadFile('https://upload.wikimedia.org/wikipedia/en/a/a9/Example.jpg', 'mydownloads', 'photo123.png');",
              "err": {},
              "uuid": "e4536b79-b777-4f38-9365-2ecec0bdcb71",
              "parentUUID": "eca113d8-e0c7-4307-acbc-ccb05af174a0",
              "isHook": false,
              "skipped": false
            }
          ],
          "suites": [],
          "passes": [
            "4cc0a05b-a6f3-49b0-a5d7-9b0bb765d539",
            "e4536b79-b777-4f38-9365-2ecec0bdcb71"
          ],
          "failures": [],
          "pending": [],
          "skipped": [],
          "duration": 1198,
          "root": false,
          "rootEmpty": false,
          "_timeout": 2000
        }
      ],
      "passes": [],
      "failures": [],
      "pending": [],
      "skipped": [],
      "duration": 0,
      "root": true,
      "rootEmpty": true,
      "_timeout": 2000
    }
  ],
  "meta": {
    "mocha": {
      "version": "7.0.1"
    },
    "mochawesome": {
      "options": {
        "quiet": false,
        "reportFilename": "mochawesome",
        "saveHtml": false,
        "saveJson": true,
        "consoleReporter": "spec",
        "useInlineDiffs": false,
        "code": true
      },
      "version": "6.2.2"
    },
    "marge": {
      "options": {
        "reportDir": "cypress/results/json",
        "overwrite": false,
        "html": false,
        "json": true
      },
      "version": "5.2.0"
    }
  }
}