{
  "stats": {
    "suites": 1,
    "tests": 4,
    "passes": 4,
    "pending": 4,
    "failures": -4,
    "start": "2021-03-02T03:27:43.271Z",
    "end": "2021-03-02T03:27:44.080Z",
    "duration": 809,
    "testsRegistered": 8,
    "passPercent": 100,
    "pendingPercent": 50,
    "other": 4,
    "hasOther": true,
    "skipped": 4,
    "hasSkipped": true
  },
  "results": [
    {
      "uuid": "ba2e4222-de9f-483d-bb69-08c0c03f9e14",
      "title": "",
      "fullFile": "cypress\\integration\\API\\api_test_1.spec.ts",
      "file": "cypress\\integration\\API\\api_test_1.spec.ts",
      "beforeHooks": [],
      "afterHooks": [],
      "tests": [],
      "suites": [
        {
          "uuid": "d1782539-3a79-4e59-be4a-68f9aa14aad7",
          "title": "API Testing with Cypress",
          "fullFile": "",
          "file": "",
          "beforeHooks": [],
          "afterHooks": [],
          "tests": [
            {
              "title": "GET ",
              "fullTitle": "API Testing with Cypress GET ",
              "timedOut": null,
              "duration": 139,
              "state": "passed",
              "speed": "slow",
              "pass": true,
              "fail": false,
              "pending": false,
              "context": null,
              "code": "cy.request('GET', 'users?page=2')\n    .then(function (response) {\n    expect(response).to.have.property('status', 200);\n    expect(response.status).to.eq(200);\n    expect(response.body).not.to.be.null;\n    expect(response.body).to.have.property('page', 2);\n    expect(response.body.data).to.have.length(6);\n});",
              "err": {},
              "uuid": "b323ac02-ce3c-436f-ac9e-05cef26cf1a8",
              "parentUUID": "d1782539-3a79-4e59-be4a-68f9aa14aad7",
              "isHook": false,
              "skipped": false
            },
            {
              "title": "GET 2 ",
              "fullTitle": "API Testing with Cypress GET 2 ",
              "timedOut": null,
              "duration": 83,
              "state": "passed",
              "speed": "slow",
              "pass": true,
              "fail": false,
              "pending": false,
              "context": null,
              "code": "console.log(Cypress.browser);\ncy.request({\n    method: 'GET',\n    url: 'users?page=2'\n}).then(function (response) {\n    expect(response).to.have.property('status', 200);\n    expect(response.status).to.eq(200);\n    expect(response.body).not.to.be.null;\n    expect(response.body).to.have.property('page', 2);\n    expect(response.body.data).to.have.length(6);\n});",
              "err": {},
              "uuid": "40ffdede-871e-455f-b93b-842a9927230b",
              "parentUUID": "d1782539-3a79-4e59-be4a-68f9aa14aad7",
              "isHook": false,
              "skipped": false
            },
            {
              "title": "POST 4",
              "fullTitle": "API Testing with Cypress POST 4",
              "timedOut": null,
              "duration": 0,
              "state": "pending",
              "speed": null,
              "pass": false,
              "fail": false,
              "pending": true,
              "context": null,
              "code": "",
              "err": {},
              "uuid": "c1bbd54e-1ee8-45ae-973e-4417f4e7e581",
              "parentUUID": "d1782539-3a79-4e59-be4a-68f9aa14aad7",
              "isHook": false,
              "skipped": false
            },
            {
              "title": "POST",
              "fullTitle": "API Testing with Cypress POST",
              "timedOut": null,
              "duration": 0,
              "state": "pending",
              "speed": null,
              "pass": false,
              "fail": false,
              "pending": true,
              "context": null,
              "code": "",
              "err": {},
              "uuid": "2f15b0d6-4c4c-4bab-91b3-2ae049e30be5",
              "parentUUID": "d1782539-3a79-4e59-be4a-68f9aa14aad7",
              "isHook": false,
              "skipped": false
            },
            {
              "title": "POST 2",
              "fullTitle": "API Testing with Cypress POST 2",
              "timedOut": null,
              "duration": 0,
              "state": "pending",
              "speed": null,
              "pass": false,
              "fail": false,
              "pending": true,
              "context": null,
              "code": "",
              "err": {},
              "uuid": "8c50cdd6-70c4-420f-ac75-11ce8afaf01f",
              "parentUUID": "d1782539-3a79-4e59-be4a-68f9aa14aad7",
              "isHook": false,
              "skipped": false
            },
            {
              "title": "POST 3",
              "fullTitle": "API Testing with Cypress POST 3",
              "timedOut": null,
              "duration": 0,
              "state": "pending",
              "speed": null,
              "pass": false,
              "fail": false,
              "pending": true,
              "context": null,
              "code": "",
              "err": {},
              "uuid": "aae41d4b-fbf1-4620-a262-5a7790ef7877",
              "parentUUID": "d1782539-3a79-4e59-be4a-68f9aa14aad7",
              "isHook": false,
              "skipped": false
            },
            {
              "title": "PUT",
              "fullTitle": "API Testing with Cypress PUT",
              "timedOut": null,
              "duration": 275,
              "state": "passed",
              "speed": "slow",
              "pass": true,
              "fail": false,
              "pending": false,
              "context": null,
              "code": "cy.request({\n    method: 'PUT',\n    url: 'users/2',\n    body: {\n        \"name\": \"Raghav\",\n        \"job\": \"Teacher\"\n    }\n}).then(function (response) {\n    expect(response.body).has.property(\"job\", \"Teacher\");\n    expect(response.status).to.eq(200);\n});",
              "err": {},
              "uuid": "c3d6c028-4923-45a8-8dce-818abb3a400b",
              "parentUUID": "d1782539-3a79-4e59-be4a-68f9aa14aad7",
              "isHook": false,
              "skipped": false
            },
            {
              "title": "DELETE",
              "fullTitle": "API Testing with Cypress DELETE",
              "timedOut": null,
              "duration": 251,
              "state": "passed",
              "speed": "slow",
              "pass": true,
              "fail": false,
              "pending": false,
              "context": null,
              "code": "cy.request({\n    method: \"DELETE\",\n    url: \"users/2\"\n}).then(function (response) {\n    expect(response.body).to.be.empty;\n    expect(response.status).to.eq(204);\n});",
              "err": {},
              "uuid": "2eb69dc7-f2dc-4208-8b18-8145775ce63d",
              "parentUUID": "d1782539-3a79-4e59-be4a-68f9aa14aad7",
              "isHook": false,
              "skipped": false
            }
          ],
          "suites": [],
          "passes": [
            "b323ac02-ce3c-436f-ac9e-05cef26cf1a8",
            "40ffdede-871e-455f-b93b-842a9927230b",
            "c3d6c028-4923-45a8-8dce-818abb3a400b",
            "2eb69dc7-f2dc-4208-8b18-8145775ce63d"
          ],
          "failures": [],
          "pending": [
            "c1bbd54e-1ee8-45ae-973e-4417f4e7e581",
            "2f15b0d6-4c4c-4bab-91b3-2ae049e30be5",
            "8c50cdd6-70c4-420f-ac75-11ce8afaf01f",
            "aae41d4b-fbf1-4620-a262-5a7790ef7877"
          ],
          "skipped": [],
          "duration": 748,
          "root": false,
          "rootEmpty": false,
          "_timeout": 2000
        }
      ],
      "passes": [],
      "failures": [],
      "pending": [],
      "skipped": [],
      "duration": 0,
      "root": true,
      "rootEmpty": true,
      "_timeout": 2000
    }
  ],
  "meta": {
    "mocha": {
      "version": "7.0.1"
    },
    "mochawesome": {
      "options": {
        "quiet": false,
        "reportFilename": "mochawesome",
        "saveHtml": false,
        "saveJson": true,
        "consoleReporter": "spec",
        "useInlineDiffs": false,
        "code": true
      },
      "version": "6.2.2"
    },
    "marge": {
      "options": {
        "reportDir": "cypress/results/json",
        "overwrite": false,
        "html": false,
        "json": true
      },
      "version": "5.2.0"
    }
  }
}