{
  "stats": {
    "suites": 1,
    "tests": 2,
    "passes": 2,
    "pending": 0,
    "failures": 0,
    "start": "2021-02-28T15:40:19.061Z",
    "end": "2021-02-28T15:40:22.784Z",
    "duration": 3723,
    "testsRegistered": 2,
    "passPercent": 100,
    "pendingPercent": 0,
    "other": 0,
    "hasOther": false,
    "skipped": 0,
    "hasSkipped": false
  },
  "results": [
    {
      "uuid": "9727ca95-6bc9-4590-87ee-10928a218da8",
      "title": "",
      "fullFile": "cypress\\integration\\fileupload.ts",
      "file": "cypress\\integration\\fileupload.ts",
      "beforeHooks": [],
      "afterHooks": [],
      "tests": [],
      "suites": [
        {
          "uuid": "a08e1adc-a1ef-4dd6-b414-adc7eb61ef81",
          "title": "file upload test",
          "fullFile": "",
          "file": "",
          "beforeHooks": [],
          "afterHooks": [],
          "tests": [
            {
              "title": "upload file",
              "fullTitle": "file upload test upload file",
              "timedOut": null,
              "duration": 1287,
              "state": "passed",
              "speed": "slow",
              "pass": true,
              "fail": false,
              "pending": false,
              "context": null,
              "code": "cy.visit('https://filebin.net/');\ncy.get('[id=\"fileField\"]').attachFile('photo.png');",
              "err": {},
              "uuid": "8523e9ca-19c1-49c6-bd74-414c153a5303",
              "parentUUID": "a08e1adc-a1ef-4dd6-b414-adc7eb61ef81",
              "isHook": false,
              "skipped": false
            },
            {
              "title": "downlaod file",
              "fullTitle": "file upload test downlaod file",
              "timedOut": null,
              "duration": 80,
              "state": "passed",
              "speed": "slow",
              "pass": true,
              "fail": false,
              "pending": false,
              "context": null,
              "code": "cy.downloadFile('https://upload.wikimedia.org/wikipedia/en/a/a9/Example.jpg', 'mydownloads', 'photo123.png');",
              "err": {},
              "uuid": "c70c7fbc-9509-4525-a40a-949e8a2f1c26",
              "parentUUID": "a08e1adc-a1ef-4dd6-b414-adc7eb61ef81",
              "isHook": false,
              "skipped": false
            }
          ],
          "suites": [],
          "passes": [
            "8523e9ca-19c1-49c6-bd74-414c153a5303",
            "c70c7fbc-9509-4525-a40a-949e8a2f1c26"
          ],
          "failures": [],
          "pending": [],
          "skipped": [],
          "duration": 1367,
          "root": false,
          "rootEmpty": false,
          "_timeout": 2000
        }
      ],
      "passes": [],
      "failures": [],
      "pending": [],
      "skipped": [],
      "duration": 0,
      "root": true,
      "rootEmpty": true,
      "_timeout": 2000
    }
  ],
  "meta": {
    "mocha": {
      "version": "7.0.1"
    },
    "mochawesome": {
      "options": {
        "quiet": false,
        "reportFilename": "mochawesome",
        "saveHtml": false,
        "saveJson": true,
        "consoleReporter": "spec",
        "useInlineDiffs": false,
        "code": true
      },
      "version": "6.2.2"
    },
    "marge": {
      "options": {
        "reportDir": "cypress/results/json",
        "overwrite": false,
        "html": false,
        "json": true
      },
      "version": "5.2.0"
    }
  }
}