{
  "stats": {
    "suites": 0,
    "tests": 1,
    "passes": 1,
    "pending": 0,
    "failures": 0,
    "start": "2021-02-28T16:59:58.952Z",
    "end": "2021-02-28T17:00:04.525Z",
    "duration": 5573,
    "testsRegistered": 1,
    "passPercent": 100,
    "pendingPercent": 0,
    "other": 0,
    "hasOther": false,
    "skipped": 0,
    "hasSkipped": false
  },
  "results": [
    {
      "uuid": "3cf2c354-8e88-4cd4-8549-ccf9f19ad993",
      "title": "",
      "fullFile": "cypress\\integration\\basic.ts",
      "file": "cypress\\integration\\basic.ts",
      "beforeHooks": [],
      "afterHooks": [],
      "tests": [
        {
          "title": "google test",
          "fullTitle": "google test",
          "timedOut": null,
          "duration": 3599,
          "state": "passed",
          "speed": "slow",
          "pass": true,
          "fail": false,
          "pending": false,
          "context": null,
          "code": "cy.visit('https://google.com');\ncy.get('[name=\"q\"]')\n    .type('Raghav Pal')\n    .type('{enter}');",
          "err": {},
          "uuid": "cc2575cc-6f70-4730-a4ff-5899e1933635",
          "parentUUID": "3cf2c354-8e88-4cd4-8549-ccf9f19ad993",
          "isHook": false,
          "skipped": false
        }
      ],
      "suites": [],
      "passes": [
        "cc2575cc-6f70-4730-a4ff-5899e1933635"
      ],
      "failures": [],
      "pending": [],
      "skipped": [],
      "duration": 3599,
      "root": true,
      "rootEmpty": false,
      "_timeout": 2000
    }
  ],
  "meta": {
    "mocha": {
      "version": "7.0.1"
    },
    "mochawesome": {
      "options": {
        "quiet": false,
        "reportFilename": "mochawesome",
        "saveHtml": false,
        "saveJson": true,
        "consoleReporter": "spec",
        "useInlineDiffs": false,
        "code": true
      },
      "version": "6.2.2"
    },
    "marge": {
      "options": {
        "reportDir": "cypress/results/json",
        "overwrite": false,
        "html": false,
        "json": true
      },
      "version": "5.2.0"
    }
  }
}