{
  "stats": {
    "suites": 1,
    "tests": 2,
    "passes": 2,
    "pending": 0,
    "failures": 0,
    "start": "2021-02-28T17:13:38.407Z",
    "end": "2021-02-28T17:13:42.025Z",
    "duration": 3618,
    "testsRegistered": 2,
    "passPercent": 100,
    "pendingPercent": 0,
    "other": 0,
    "hasOther": false,
    "skipped": 0,
    "hasSkipped": false
  },
  "results": [
    {
      "uuid": "ae506329-60de-48fa-82f0-e8f7b5a2bcb6",
      "title": "",
      "fullFile": "cypress\\integration\\fileuploaddownload.spec.js",
      "file": "cypress\\integration\\fileuploaddownload.spec.js",
      "beforeHooks": [],
      "afterHooks": [],
      "tests": [],
      "suites": [
        {
          "uuid": "ca500973-16ab-4652-af25-a22ccc201021",
          "title": "file upload test",
          "fullFile": "",
          "file": "",
          "beforeHooks": [],
          "afterHooks": [],
          "tests": [
            {
              "title": "upload file",
              "fullTitle": "file upload test upload file",
              "timedOut": null,
              "duration": 1135,
              "state": "passed",
              "speed": "slow",
              "pass": true,
              "fail": false,
              "pending": false,
              "context": null,
              "code": "cy.visit('https://filebin.net/'); // cySubject.attachFile(fixture, optionalProcessingConfig);\ncy.get('[id=\"fileField\"]').attachFile('photo.png');",
              "err": {},
              "uuid": "0dfe2965-fe6e-44a0-b6ec-a8a85947ef32",
              "parentUUID": "ca500973-16ab-4652-af25-a22ccc201021",
              "isHook": false,
              "skipped": false
            },
            {
              "title": "downlaod file",
              "fullTitle": "file upload test downlaod file",
              "timedOut": null,
              "duration": 588,
              "state": "passed",
              "speed": "slow",
              "pass": true,
              "fail": false,
              "pending": false,
              "context": null,
              "code": "cy.downloadFile('https://filebin.net/2y2rg9wen7vkwxd6/PhotoWithNoBackground.png?t=eyxuyfxq', 'fixtures', 'photo123.png');",
              "err": {},
              "uuid": "2821f444-04a8-4cf4-ac78-9625619cc894",
              "parentUUID": "ca500973-16ab-4652-af25-a22ccc201021",
              "isHook": false,
              "skipped": false
            }
          ],
          "suites": [],
          "passes": [
            "0dfe2965-fe6e-44a0-b6ec-a8a85947ef32",
            "2821f444-04a8-4cf4-ac78-9625619cc894"
          ],
          "failures": [],
          "pending": [],
          "skipped": [],
          "duration": 1723,
          "root": false,
          "rootEmpty": false,
          "_timeout": 2000
        }
      ],
      "passes": [],
      "failures": [],
      "pending": [],
      "skipped": [],
      "duration": 0,
      "root": true,
      "rootEmpty": true,
      "_timeout": 2000
    }
  ],
  "meta": {
    "mocha": {
      "version": "7.0.1"
    },
    "mochawesome": {
      "options": {
        "quiet": false,
        "reportFilename": "mochawesome",
        "saveHtml": false,
        "saveJson": true,
        "consoleReporter": "spec",
        "useInlineDiffs": false,
        "code": true
      },
      "version": "6.2.2"
    },
    "marge": {
      "options": {
        "reportDir": "cypress/results/json",
        "overwrite": false,
        "html": false,
        "json": true
      },
      "version": "5.2.0"
    }
  }
}