{
  "stats": {
    "suites": 1,
    "tests": 2,
    "passes": 2,
    "pending": 0,
    "failures": 0,
    "start": "2021-02-28T17:04:49.966Z",
    "end": "2021-02-28T17:04:52.784Z",
    "duration": 2818,
    "testsRegistered": 2,
    "passPercent": 100,
    "pendingPercent": 0,
    "other": 0,
    "hasOther": false,
    "skipped": 0,
    "hasSkipped": false
  },
  "results": [
    {
      "uuid": "a41116f3-5fff-41d5-a00d-c4d3d90833f7",
      "title": "",
      "fullFile": "cypress\\integration\\fileuploaddownload.spec.js",
      "file": "cypress\\integration\\fileuploaddownload.spec.js",
      "beforeHooks": [],
      "afterHooks": [],
      "tests": [],
      "suites": [
        {
          "uuid": "a28591cd-bb42-4ebb-9360-fe6ae3f43ce6",
          "title": "file upload test",
          "fullFile": "",
          "file": "",
          "beforeHooks": [],
          "afterHooks": [],
          "tests": [
            {
              "title": "upload file",
              "fullTitle": "file upload test upload file",
              "timedOut": null,
              "duration": 999,
              "state": "passed",
              "speed": "slow",
              "pass": true,
              "fail": false,
              "pending": false,
              "context": null,
              "code": "cy.visit('https://filebin.net/'); // cySubject.attachFile(fixture, optionalProcessingConfig);\ncy.get('[id=\"fileField\"]').attachFile('photo.png');",
              "err": {},
              "uuid": "7cee5195-697a-467f-b2e7-46b24d87b745",
              "parentUUID": "a28591cd-bb42-4ebb-9360-fe6ae3f43ce6",
              "isHook": false,
              "skipped": false
            },
            {
              "title": "downlaod file",
              "fullTitle": "file upload test downlaod file",
              "timedOut": null,
              "duration": 449,
              "state": "passed",
              "speed": "slow",
              "pass": true,
              "fail": false,
              "pending": false,
              "context": null,
              "code": "cy.downloadFile('https://filebin.net/2y2rg9wen7vkwxd6/PhotoWithNoBackground.png?t=eyxuyfxq', 'fixtures', 'photo123.png');",
              "err": {},
              "uuid": "d49834b4-30ef-4350-baec-32687ca53437",
              "parentUUID": "a28591cd-bb42-4ebb-9360-fe6ae3f43ce6",
              "isHook": false,
              "skipped": false
            }
          ],
          "suites": [],
          "passes": [
            "7cee5195-697a-467f-b2e7-46b24d87b745",
            "d49834b4-30ef-4350-baec-32687ca53437"
          ],
          "failures": [],
          "pending": [],
          "skipped": [],
          "duration": 1448,
          "root": false,
          "rootEmpty": false,
          "_timeout": 2000
        }
      ],
      "passes": [],
      "failures": [],
      "pending": [],
      "skipped": [],
      "duration": 0,
      "root": true,
      "rootEmpty": true,
      "_timeout": 2000
    }
  ],
  "meta": {
    "mocha": {
      "version": "7.0.1"
    },
    "mochawesome": {
      "options": {
        "quiet": false,
        "reportFilename": "mochawesome",
        "saveHtml": false,
        "saveJson": true,
        "consoleReporter": "spec",
        "useInlineDiffs": false,
        "code": true
      },
      "version": "6.2.2"
    },
    "marge": {
      "options": {
        "reportDir": "cypress/results/json",
        "overwrite": false,
        "html": false,
        "json": true
      },
      "version": "5.2.0"
    }
  }
}