{
  "stats": {
    "suites": 1,
    "tests": 2,
    "passes": 2,
    "pending": 0,
    "failures": 0,
    "start": "2021-02-28T15:40:27.795Z",
    "end": "2021-02-28T15:40:30.633Z",
    "duration": 2838,
    "testsRegistered": 2,
    "passPercent": 100,
    "pendingPercent": 0,
    "other": 0,
    "hasOther": false,
    "skipped": 0,
    "hasSkipped": false
  },
  "results": [
    {
      "uuid": "9cae2970-caff-4fb1-b449-f80cbad25a91",
      "title": "",
      "fullFile": "cypress\\integration\\fileuploaddownload.spec.js",
      "file": "cypress\\integration\\fileuploaddownload.spec.js",
      "beforeHooks": [],
      "afterHooks": [],
      "tests": [],
      "suites": [
        {
          "uuid": "cb5d5f11-fb99-4785-ab66-2ef754db31d1",
          "title": "file upload test",
          "fullFile": "",
          "file": "",
          "beforeHooks": [],
          "afterHooks": [],
          "tests": [
            {
              "title": "upload file",
              "fullTitle": "file upload test upload file",
              "timedOut": null,
              "duration": 1038,
              "state": "passed",
              "speed": "slow",
              "pass": true,
              "fail": false,
              "pending": false,
              "context": null,
              "code": "cy.visit('https://filebin.net/'); // cySubject.attachFile(fixture, optionalProcessingConfig);\ncy.get('[id=\"fileField\"]').attachFile('photo.png');",
              "err": {},
              "uuid": "d8dc0668-d59f-43ef-94bc-eb3af4614b33",
              "parentUUID": "cb5d5f11-fb99-4785-ab66-2ef754db31d1",
              "isHook": false,
              "skipped": false
            },
            {
              "title": "downlaod file",
              "fullTitle": "file upload test downlaod file",
              "timedOut": null,
              "duration": 496,
              "state": "passed",
              "speed": "slow",
              "pass": true,
              "fail": false,
              "pending": false,
              "context": null,
              "code": "cy.downloadFile('https://filebin.net/2y2rg9wen7vkwxd6/PhotoWithNoBackground.png?t=eyxuyfxq', 'fixtures', 'photo123.png');",
              "err": {},
              "uuid": "293ebba0-3884-45f9-a070-663d6447d241",
              "parentUUID": "cb5d5f11-fb99-4785-ab66-2ef754db31d1",
              "isHook": false,
              "skipped": false
            }
          ],
          "suites": [],
          "passes": [
            "d8dc0668-d59f-43ef-94bc-eb3af4614b33",
            "293ebba0-3884-45f9-a070-663d6447d241"
          ],
          "failures": [],
          "pending": [],
          "skipped": [],
          "duration": 1534,
          "root": false,
          "rootEmpty": false,
          "_timeout": 2000
        }
      ],
      "passes": [],
      "failures": [],
      "pending": [],
      "skipped": [],
      "duration": 0,
      "root": true,
      "rootEmpty": true,
      "_timeout": 2000
    }
  ],
  "meta": {
    "mocha": {
      "version": "7.0.1"
    },
    "mochawesome": {
      "options": {
        "quiet": false,
        "reportFilename": "mochawesome",
        "saveHtml": false,
        "saveJson": true,
        "consoleReporter": "spec",
        "useInlineDiffs": false,
        "code": true
      },
      "version": "6.2.2"
    },
    "marge": {
      "options": {
        "reportDir": "cypress/results/json",
        "overwrite": false,
        "html": false,
        "json": true
      },
      "version": "5.2.0"
    }
  }
}